<?xml version="1.0" encoding="UTF-8"?>
<testExecutions version="1">
  <file path="C:\Users\work\Documents\GitHub\spg\client\src\tests\Clock.test.js">
    <testCase name="Clock tests renders modal window for alert" duration="137"/>
  </file>
  <file path="C:\Users\work\Documents\GitHub\spg\client\src\tests\LeftClient.test.js">
    <testCase name="Test employee renders the employee starting page" duration="145"/>
    <testCase name="Test employee test employee buttons" duration="96"/>
  </file>
  <file path="C:\Users\work\Documents\GitHub\spg\client\src\tests\MyForm.test.js">
    <testCase name="renders signup page" duration="195"/>
    <testCase name="tests go back with undefined user" duration="97"/>
    <testCase name="tests go back with a valid user" duration="26"/>
  </file>
  <file path="C:\Users\work\Documents\GitHub\spg\client\src\tests\MyMyProducts.test.js">
    <testCase name="Test MyMyproducts tests components" duration="155"/>
    <testCase name="Test MyMyproducts tests modal" duration="127"/>
    <testCase name="Test MyMyproducts tests time error" duration="20"/>
    <testCase name="Test MyMyproducts tests error in modal" duration="106"/>
  </file>
  <file path="C:\Users\work\Documents\GitHub\spg\client\src\tests\App.test.js">
    <testCase name="renders app homepage" duration="141"/>
  </file>
  <file path="C:\Users\work\Documents\GitHub\spg\client\src\tests\MyNavBar.test.js">
    <testCase name="Test navbar renders all components" duration="188"/>
    <testCase name="Test navbar renders cart" duration="228"/>
    <testCase name="Test navbar test logout" duration="34"/>
  </file>
  <file path="C:\Users\work\Documents\GitHub\spg\client\src\tests\MyFarmerOrders.test.js">
    <testCase name="Test MyFarmerOrders tests components" duration="55"/>
    <testCase name="Test MyFarmerOrders tests with full" duration="10"/>
  </file>
  <file path="C:\Users\work\Documents\GitHub\spg\client\src\tests\MyContainer.test.js">
    <testCase name="renders container" duration="110"/>
  </file>
  <file path="C:\Users\work\Documents\GitHub\spg\client\src\tests\MyDeliveries.test.js">
    <testCase name="Test MyDeliveries renders the deliveries page" duration="39"/>
    <testCase name="Test MyDeliveries renders the deliveries page with id" duration="10"/>
    <testCase name="Test MyDeliveries tests go back" duration="180"/>
  </file>
  <file path="C:\Users\work\Documents\GitHub\spg\client\src\tests\MyEmployee.test.js">
    <testCase name="Test employee renders the employee starting page" duration="121"/>
    <testCase name="Test employee test employee buttons" duration="48"/>
  </file>
  <file path="C:\Users\work\Documents\GitHub\spg\client\src\tests\MyFormSignUp.test.js">
    <testCase name="renders signup page" duration="142"/>
    <testCase name="tests go back with undefined user" duration="58"/>
    <testCase name="tests go back with a valid user" duration="21"/>
  </file>
  <file path="C:\Users\work\Documents\GitHub\spg\client\src\tests\MyProducts.test.js">
    <testCase name="Test MyProducts renders the products page" duration="170"/>
  </file>
  <file path="C:\Users\work\Documents\GitHub\spg\client\src\tests\MyWManager.test.js">
    <testCase name="Test employee renders the wmanaer left page" duration="38"/>
    <testCase name="Test employee test wmanager buttons" duration="42"/>
  </file>
  <file path="C:\Users\work\Documents\GitHub\spg\client\src\tests\MyStatistics.test.js">
    <testCase name="Test MyStatistics renders the page with the statistics" duration="74"/>
  </file>
  <file path="C:\Users\work\Documents\GitHub\spg\client\src\tests\MyFarmer.test.js">
    <testCase name="Test employee renders the employee starting page" duration="77"/>
    <testCase name="Test employee test employee buttons" duration="28"/>
  </file>
  <file path="C:\Users\work\Documents\GitHub\spg\client\src\tests\MyWWorker.test.js">
    <testCase name="Test wworker renders the wworker left page" duration="75"/>
    <testCase name="Test wworker test left manager buttons" duration="18"/>
  </file>
  <file path="C:\Users\work\Documents\GitHub\spg\client\src\tests\MyManager.test.js">
    <testCase name="Test manager renders the manager left page" duration="74"/>
    <testCase name="Test manager test left manager buttons" duration="11"/>
  </file>
  <file path="C:\Users\work\Documents\GitHub\spg\client\src\tests\MyLogin.test.js">
    <testCase name="Test login form unit Test login form appearance" duration="50"/>
    <testCase name="Test login form e2e Test filling out login form" duration="81"/>
  </file>
  <file path="C:\Users\work\Documents\GitHub\spg\client\src\tests\MyAvailableOrders.test.js">
    <testCase name="Test MyAvailableOrders renders the page with the list of available orders" duration="37"/>
    <testCase name="Test MyAvailableOrders tests go back" duration="27"/>
    <testCase name="Test MyAvailableOrders tests with id" duration="8"/>
  </file>
  <file path="C:\Users\work\Documents\GitHub\spg\client\src\tests\MySingleClient.test.js">
    <testCase name="renders the info of a client from employee page" duration="77"/>
  </file>
  <file path="C:\Users\work\Documents\GitHub\spg\client\src\tests\MyClientProfile.test.js">
    <testCase name="renders the client profile" duration="55"/>
  </file>
  <file path="C:\Users\work\Documents\GitHub\spg\client\src\tests\ModalWindow.test.js">
    <testCase name="modal window.js tests renders modal window for alert" duration="95"/>
  </file>
  <file path="C:\Users\work\Documents\GitHub\spg\client\src\tests\MyOrders.test.js">
    <testCase name="Test MyFarmerOrders tests components" duration="44"/>
    <testCase name="Test MyFarmerOrders tests with full" duration="11"/>
  </file>
  <file path="C:\Users\work\Documents\GitHub\spg\client\src\tests\MyClients.test.js">
    <testCase name="Test MyClient renders the clients list" duration="38"/>
    <testCase name="Test MyClient test the button" duration="27"/>
  </file>
  <file path="C:\Users\work\Documents\GitHub\spg\client\src\tests\MyClientPage.test.js">
    <testCase name="renders app form" duration="22"/>
  </file>
  <file path="C:\Users\work\Documents\GitHub\spg\client\src\tests\MyNotAvailableOrders.test.js">
    <testCase name="Test MyAvailableOrders renders the page with the list of not jet available orders" duration="27"/>
  </file>
  <file path="C:\Users\work\Documents\GitHub\spg\client\src\tests\MyWelcome.test.js">
    <testCase name="Test employee renders the employee starting page" duration="25"/>
    <testCase name="Test employee test pop up" duration="51"/>
  </file>
</testExecutions>