<?xml version="1.0" encoding="UTF-8"?>
<testExecutions version="1">
  <file path="C:\Users\Mattia\Desktop\spg\server\tests\apis.spec.js">
    <testCase name="tests GET /api/products" duration="375"/>
    <testCase name="tests GET /api/clients" duration="89"/>
    <testCase name="tests GET /api/clients/:id" duration="90"/>
    <testCase name="tests error GET /api/clients/:id" duration="165"/>
    <testCase name="tests PUT /api/clients/:id/wallet" duration="141"/>
    <testCase name="tests GET /api/orders" duration="134"/>
    <testCase name="tests GET /api/orders/:id" duration="146"/>
    <testCase name="tests POST /api/orders" duration="179"/>
    <testCase name="test GET /api/unretrievedOrders/:datetime" duration="227"/>
    <testCase name="test GET /api/unretrievedOrders/:datetime with a null datetime" duration="206"/>
    <testCase name="tests POST /api/addNewUser" duration="653"/>
    <testCase name="tests error POST /api/addNewUser" duration="127"/>
    <testCase name="login" duration="241"/>
    <testCase name="tests POST /api/products" duration="259"/>
    <testCase name="tests PUT /api/products/:id" duration="472"/>
    <testCase name="logout" duration="214"/>
    <testCase name="tests delete /api/sessions/current" duration="242"/>
    <testCase name="tests get /api/sessions/current" duration="249"/>
    <testCase name="tests get /api/nextProducts without performing the login" duration="308"/>
    <testCase name="login" duration="562"/>
    <testCase name="tests get /api/nextProducts after the login as a customer not on sunday" duration="392"/>
    <testCase name="login" duration="265"/>
    <testCase name="tests get /api/nextProducts after the login as a customer on sunday" duration="329"/>
    <testCase name="tests fet /api/nextProducts in the current week" duration="297"/>
    <testCase name="login" duration="260"/>
    <testCase name="tests get /api/nextProducts after the login as a farmer" duration="84"/>
    <testCase name="tests post /api/session" duration="258"/>
    <testCase name="tests post /api/session error" duration="256"/>
    <testCase name="tests PUT /api/clients/basket/:id" duration="115"/>
    <testCase name="tests PUT /api/orders/modify/:id" duration="158"/>
    <testCase name="tests error PUT /api/orders/modify/:id" duration="121"/>
    <testCase name="tests GET /api/wallet/:id" duration="129"/>
    <testCase name="tests GET /api/wallet/ with negative id" duration="123"/>
    <testCase name="login" duration="241"/>
    <testCase name="tests get /api/deliverableProducts after the login as a wmanager" duration="237"/>
    <testCase name="tests get /api/deliveries after the login as a wmanager" duration="171"/>
    <testCase name="tests post /api/deliveries after the login as a wmanager" duration="214"/>
    <testCase name="login" duration="255"/>
    <testCase name="tests GET /api/orderswithstatus/:status" duration="143"/>
    <testCase name="tests GET /api/orderswithstatus/not_available" duration="196"/>
    <testCase name="tests GET /api/orderswithstatus/ with null status" duration="197"/>
    <testCase name="login" duration="491"/>
    <testCase name="tests POST /api/confirmOrderForPickup" duration="307"/>
    <testCase name="tests put /api/orders/pay" duration="280"/>
    <testCase name="login" duration="291"/>
    <testCase name="tests put /api/updateOrder/:id" duration="208"/>
    <testCase name="tests get /api/clock" duration="163"/>
    <testCase name="getUserById with invalid id" duration="96"/>
    <testCase name="getUser invalid email" duration="73"/>
    <testCase name="deleteUser invalid email" duration="90"/>
  </file>
</testExecutions>