<?xml version="1.0" encoding="UTF-8"?>
<testExecutions version="1">
  <file path="C:\Users\work\Documents\GitHub\spg\server\tests\apis.spec.js">
    <testCase name="tests GET /api/products" duration="199"/>
    <testCase name="tests GET /api/clients" duration="40"/>
    <testCase name="tests GET /api/clients/:id" duration="36"/>
    <testCase name="tests error GET /api/clients/:id" duration="66"/>
    <testCase name="tests PUT /api/clients/:id/wallet" duration="47"/>
    <testCase name="tests GET /api/orders" duration="34"/>
    <testCase name="tests GET /api/orders/:id" duration="33"/>
    <testCase name="tests POST /api/orders" duration="45"/>
    <testCase name="test GET /api/unretrievedOrders/:datetime" duration="39"/>
    <testCase name="test GET /api/unretrievedOrders/:datetime with a null datetime" duration="35"/>
    <testCase name="tests POST /api/addNewUser" duration="180"/>
    <testCase name="tests error POST /api/addNewUser" duration="35"/>
    <testCase name="login" duration="97"/>
    <testCase name="tests POST /api/products" duration="76"/>
    <testCase name="tests PUT /api/products/:id" duration="92"/>
    <testCase name="logout" duration="33"/>
    <testCase name="tests delete /api/sessions/current" duration="31"/>
    <testCase name="tests get /api/sessions/current" duration="34"/>
    <testCase name="tests get /api/nextProducts without performing the login" duration="41"/>
    <testCase name="login" duration="87"/>
    <testCase name="tests get /api/nextProducts after the login as a customer not on sunday" duration="122"/>
    <testCase name="login" duration="85"/>
    <testCase name="tests get /api/nextProducts after the login as a customer on sunday" duration="58"/>
    <testCase name="tests fet /api/nextProducts in the current week" duration="43"/>
    <testCase name="login" duration="90"/>
    <testCase name="tests get /api/nextProducts after the login as a farmer" duration="34"/>
    <testCase name="tests post /api/session" duration="99"/>
    <testCase name="tests post /api/session error" duration="88"/>
    <testCase name="tests PUT /api/clients/basket/:id" duration="31"/>
    <testCase name="tests PUT /api/orders/modify/:id" duration="40"/>
    <testCase name="tests error PUT /api/orders/modify/:id" duration="33"/>
    <testCase name="tests GET /api/wallet/:id" duration="34"/>
    <testCase name="tests GET /api/wallet/ with negative id" duration="34"/>
    <testCase name="login" duration="89"/>
    <testCase name="tests get /api/deliverableProducts after the login as a wmanager" duration="39"/>
    <testCase name="tests get /api/deliveries after the login as a wmanager" duration="35"/>
    <testCase name="tests post /api/deliveries after the login as a wmanager" duration="47"/>
    <testCase name="login" duration="88"/>
    <testCase name="tests GET /api/orderswithstatus/:status" duration="36"/>
    <testCase name="tests GET /api/orderswithstatus/not_available" duration="35"/>
    <testCase name="tests GET /api/orderswithstatus/ with null status" duration="34"/>
    <testCase name="login" duration="90"/>
    <testCase name="tests POST /api/confirmOrderForPickup" duration="41"/>
    <testCase name="tests put /api/orders/pay" duration="35"/>
    <testCase name="login" duration="89"/>
    <testCase name="tests put /api/updateOrder/:id" duration="44"/>
    <testCase name="tests get /api/clock" duration="33"/>
  </file>
</testExecutions>